<?xml version="1.0" encoding="UTF-8"?>
<testsuite name="calculator_package.utils.HistoryManagerTest" tests="2" skipped="0" failures="0" errors="0" timestamp="2025-06-01T22:29:46" hostname="Mac" time="0.017">
  <properties/>
  <testcase name="addHistoryEntry_addsToMemoryAndFIleTest()" classname="calculator_package.utils.HistoryManagerTest" time="0.015"/>
  <testcase name="testLoadHistoryFromFile_readsHistoryFromFile()" classname="calculator_package.utils.HistoryManagerTest" time="0.001"/>
  <system-out><![CDATA[]]></system-out>
  <system-err><![CDATA[]]></system-err>
</testsuite>
